0 info it worked if it ends with ok
1 verbose cli [ 'C:\\Program Files\\nodejs\\node.exe',
1 verbose cli   'C:\\Program Files\\nodejs\\node_modules\\npm\\bin\\npm-cli.js',
1 verbose cli   'run',
1 verbose cli   'watch' ]
2 info using npm@3.10.10
3 info using node@v6.9.5
4 verbose run-script [ 'prewatch', 'watch', 'postwatch' ]
5 info lifecycle note@1.0.0~prewatch: note@1.0.0
6 silly lifecycle note@1.0.0~prewatch: no script for prewatch, continuing
7 info lifecycle note@1.0.0~watch: note@1.0.0
8 verbose lifecycle note@1.0.0~watch: unsafe-perm in lifecycle true
9 verbose lifecycle note@1.0.0~watch: PATH: C:\Users\tandongs\AppData\Roaming\nvm\v6.9.5\node_modules\npm\bin\node-gyp-bin;D:\my_work\racoon\electron\node_modules\.bin;C:\Program Files (x86)\Common Files\Oracle\Java\javapath;C:\ProgramData\Oracle\Java\javapath;C:\Windows\system32;C:\Windows;C:\Windows\System32\Wbem;C:\Windows\System32\WindowsPowerShell\v1.0\;C:\Program Files (x86)\NVIDIA Corporation\PhysX\Common;C:\Users\tandongs\AppData\Roaming\nvm;C:\Program Files\nodejs;C:\Program Files\Git\cmd;"C:\Program Files\Java\jdk1.8.0_144\bin;";C:\Program Files\Python27;C:\Program Files\TortoiseSVN\bin;C:\Program Files (x86)\OpenSSH\bin;E:\Program Files\Android\android-sdk;E:\Program Files\Android\android-sdk\platform-tools;E:\Program Files\gradle-3.5\bin;E:\Program Files\Android\android-sdk\tools;C:\WINDOWS\system32;C:\WINDOWS;C:\WINDOWS\System32\Wbem;C:\WINDOWS\System32\WindowsPowerShell\v1.0\;E:\Program Files\MacType;E:\Programs\Python\Python36-32;E:\Program Files\apache-jmeter-3.3;D:\serv\openssl\bin;E:\Program Files\goLang\bin;E:\Program Files\mingw-w64\x86_64-7.2.0-posix-seh-rt_v5-rev1\mingw64\bin;E:\Program Files\pkg-config\bin;C:\WINDOWS\System32\OpenSSH\;C:\Program Files (x86)\Yarn\bin\;E:\Program Files\Microsoft VS Code\bin;D:\work\flutter\bin;C:\Users\tandongs\.windows-build-tools\python27\;C:\Users\tandongs\AppData\Roaming\nvm\v9.11.1\node_modules\npm\node_modules\npm-lifecycle\node-gyp-bin;C:\Program Files\nodejs\node_modules\windows-build-tools\node_modules\.bin;C:\Program Files\nodejs\node_modules\.bin;C:\Program Files (x86)\Common Files\Oracle\Java\javapath;C:\ProgramData\Oracle\Java\javapath;C:\Windows\system32;C:\Windows;C:\Windows\System32\Wbem;C:\Windows\System32\WindowsPowerShell\v1.0\;C:\Program Files (x86)\NVIDIA Corporation\PhysX\Common;C:\Users\tandongs\AppData\Roaming\nvm;C:\Program Files\nodejs;C:\Program Files\Git\cmd;"C:\Program Files\Java\jdk1.8.0_144\bin;";E:\Program Files\Python27;C:\Program Files\TortoiseSVN\bin;C:\Program Files (x86)\OpenSSH\bin;E:\Program Files\Android\android-sdk;E:\Program Files\Android\android-sdk\platform-tools;E:\Program Files\gradle-3.5\bin;E:\Program Files\Android\android-sdk\tools;C:\WINDOWS\system32;C:\WINDOWS;C:\WINDOWS\System32\Wbem;C:\WINDOWS\System32\WindowsPowerShell\v1.0\;E:\Program Files\MacType;E:\Program Files\apache-jmeter-3.3;D:\serv\openssl\bin;E:\Program Files\goLang\bin;E:\Program Files\mingw-w64\x86_64-7.2.0-posix-seh-rt_v5-rev1\mingw64\bin;E:\Program Files\pkg-config\bin;C:\WINDOWS\System32\OpenSSH\;C:\Program Files (x86)\Yarn\bin\;E:\Program Files\Microsoft VS Code\bin;D:\work\flutter\bin;C:\Users\tandongs\scoop\shims;C:\Users\tandongs\AppData\Local\Microsoft\WindowsApps;E:\Program Files\Fiddler;C:\Users\tandongs\AppData\Local\Microsoft\WindowsApps;C:\Users\tandongs\AppData\Local\Yarn\bin;E:\Programs\Microsoft VS Code\bin;
10 verbose lifecycle note@1.0.0~watch: CWD: D:\my_work\racoon\electron
11 silly lifecycle note@1.0.0~watch: Args: [ '/d /s /c', 'concurrently "tsc -w"' ]
12 silly lifecycle note@1.0.0~watch: Returned: code: 3221225786  signal: null
13 info lifecycle note@1.0.0~watch: Failed to exec watch script
14 verbose stack Error: note@1.0.0 watch: `concurrently "tsc -w"`
14 verbose stack Exit status 3221225786
14 verbose stack     at EventEmitter.<anonymous> (C:\Users\tandongs\AppData\Roaming\nvm\v6.9.5\node_modules\npm\lib\utils\lifecycle.js:255:16)
14 verbose stack     at emitTwo (events.js:106:13)
14 verbose stack     at EventEmitter.emit (events.js:191:7)
14 verbose stack     at ChildProcess.<anonymous> (C:\Users\tandongs\AppData\Roaming\nvm\v6.9.5\node_modules\npm\lib\utils\spawn.js:40:14)
14 verbose stack     at emitTwo (events.js:106:13)
14 verbose stack     at ChildProcess.emit (events.js:191:7)
14 verbose stack     at maybeClose (internal/child_process.js:877:16)
14 verbose stack     at Process.ChildProcess._handle.onexit (internal/child_process.js:226:5)
15 verbose pkgid note@1.0.0
16 verbose cwd D:\my_work\racoon\electron
17 error Windows_NT 10.0.17134
18 error argv "C:\\Program Files\\nodejs\\node.exe" "C:\\Program Files\\nodejs\\node_modules\\npm\\bin\\npm-cli.js" "run" "watch"
19 error node v6.9.5
20 error npm  v3.10.10
21 error code ELIFECYCLE
22 error note@1.0.0 watch: `concurrently "tsc -w"`
22 error Exit status 3221225786
23 error Failed at the note@1.0.0 watch script 'concurrently "tsc -w"'.
23 error Make sure you have the latest version of node.js and npm installed.
23 error If you do, this is most likely a problem with the note package,
23 error not with npm itself.
23 error Tell the author that this fails on your system:
23 error     concurrently "tsc -w"
23 error You can get information on how to open an issue for this project with:
23 error     npm bugs note
23 error Or if that isn't available, you can get their info via:
23 error     npm owner ls note
23 error There is likely additional logging output above.
24 verbose exit [ 1, true ]
